<?xml version="1.0" encoding="UTF-8"?>
<!-- Generated by org.testng.reporters.JUnitXMLReporter -->
<testsuite hostname="DESKTOP-3TMVG7F" ignored="5" name="Practice Grouping" tests="4" failures="0" timestamp="21 Aug 2018 17:12:24 GMT" time="0.062" errors="0">
  <testcase name="Car1" time="0.032" classname="testsTestNG.Grouping"/>
  <testcase name="Car2" time="0.015" classname="testsTestNG.Grouping"/>
  <testcase name="Scooter1" time="0.0" classname="testsTestNG.Grouping"/>
  <testcase name="Scooter2" time="0.0" classname="testsTestNG.Grouping"/>
  <testcase name="One" time="0.0" classname="testsTestNG.MultipleTests">
    <ignored/>
  </testcase> <!-- One -->
  <testcase name="Four" time="0.0" classname="testsTestNG.MultipleTests">
    <ignored/>
  </testcase> <!-- Four -->
  <testcase name="Sedan1" time="0.0" classname="testsTestNG.Grouping">
    <ignored/>
  </testcase> <!-- Sedan1 -->
  <testcase name="Two" time="0.0" classname="testsTestNG.MultipleTests">
    <ignored/>
  </testcase> <!-- Two -->
  <testcase name="Three" time="0.0" classname="testsTestNG.MultipleTests">
    <ignored/>
  </testcase> <!-- Three -->
</testsuite> <!-- Practice Grouping -->
