<?xml version="1.0" encoding="UTF-8"?>
<!-- Generated by org.testng.reporters.JUnitXMLReporter -->
<testsuite hostname="DESKTOP-3TMVG7F" ignored="0" name="Tools QA" tests="3" failures="0" timestamp="21 Aug 2018 15:16:10 GMT" time="55.621" errors="0">
  <testcase name="main" time="29.178" classname="testsTestNG.TestNG"/>
  <testcase name="testCase1" time="0.001" classname="testsTestNG.AnnotationSequence"/>
  <testcase name="testCase2" time="0.0" classname="testsTestNG.AnnotationSequence"/>
</testsuite> <!-- Tools QA -->
