<?xml version="1.0" encoding="UTF-8"?>
<!-- Generated by org.testng.reporters.JUnitXMLReporter -->
<testsuite hostname="DESKTOP-3TMVG7F" ignored="3" name="Default test" tests="1" failures="0" timestamp="14 Sep 2018 14:55:05 GMT" time="23.866" errors="0">
  <testcase name="checkBrokenLinks" time="16.675" classname="sampleTests.StaleElement"/>
  <testcase name="checkTextInPage" time="0.0" classname="sampleTests.StaleElement">
    <ignored/>
  </testcase> <!-- checkTextInPage -->
  <testcase name="getExe" time="0.0" classname="sampleTests.StaleElement">
    <ignored/>
  </testcase> <!-- getExe -->
  <testcase name="handleWindows" time="0.0" classname="sampleTests.StaleElement">
    <ignored/>
  </testcase> <!-- handleWindows -->
</testsuite> <!-- Default test -->
